Performing C SOURCE FILE Test CMAKE_HAVE_LIBC_PTHREAD failed with the following output:
Change Dir: /home/viktor/Projects/c+c++/HW №1/build/CMakeFiles/CMakeTmp

Run Build Command(s):/usr/bin/make cmTC_ad2d9/fast && /usr/bin/make -f CMakeFiles/cmTC_ad2d9.dir/build.make CMakeFiles/cmTC_ad2d9.dir/build
make[1]: вход в каталог «/home/viktor/Projects/c+c++/HW №1/build/CMakeFiles/CMakeTmp»
Building C object CMakeFiles/cmTC_ad2d9.dir/src.c.o
/usr/bin/cc   -DCMAKE_HAVE_LIBC_PTHREAD   -o CMakeFiles/cmTC_ad2d9.dir/src.c.o   -c "/home/viktor/Projects/c+c++/HW №1/build/CMakeFiles/CMakeTmp/src.c"
Linking C executable cmTC_ad2d9
/usr/bin/cmake -E cmake_link_script CMakeFiles/cmTC_ad2d9.dir/link.txt --verbose=1
/usr/bin/cc  -DCMAKE_HAVE_LIBC_PTHREAD    CMakeFiles/cmTC_ad2d9.dir/src.c.o  -o cmTC_ad2d9 
/usr/bin/ld: CMakeFiles/cmTC_ad2d9.dir/src.c.o: в функции «main»:
src.c:(.text+0x46): неопределённая ссылка на «pthread_create»
/usr/bin/ld: src.c:(.text+0x52): неопределённая ссылка на «pthread_detach»
/usr/bin/ld: src.c:(.text+0x63): неопределённая ссылка на «pthread_join»
collect2: error: ld returned 1 exit status
make[1]: *** [CMakeFiles/cmTC_ad2d9.dir/build.make:87: cmTC_ad2d9] Ошибка 1
make[1]: выход из каталога «/home/viktor/Projects/c+c++/HW №1/build/CMakeFiles/CMakeTmp»
make: *** [Makefile:121: cmTC_ad2d9/fast] Ошибка 2


Source file was:
#include <pthread.h>

void* test_func(void* data)
{
  return data;
}

int main(void)
{
  pthread_t thread;
  pthread_create(&thread, NULL, test_func, NULL);
  pthread_detach(thread);
  pthread_join(thread, NULL);
  pthread_atfork(NULL, NULL, NULL);
  pthread_exit(NULL);

  return 0;
}

Determining if the function pthread_create exists in the pthreads failed with the following output:
Change Dir: /home/viktor/Projects/c+c++/HW №1/build/CMakeFiles/CMakeTmp

Run Build Command(s):/usr/bin/make cmTC_dea45/fast && /usr/bin/make -f CMakeFiles/cmTC_dea45.dir/build.make CMakeFiles/cmTC_dea45.dir/build
make[1]: вход в каталог «/home/viktor/Projects/c+c++/HW №1/build/CMakeFiles/CMakeTmp»
Building C object CMakeFiles/cmTC_dea45.dir/CheckFunctionExists.c.o
/usr/bin/cc   -DCHECK_FUNCTION_EXISTS=pthread_create   -o CMakeFiles/cmTC_dea45.dir/CheckFunctionExists.c.o   -c /usr/share/cmake-3.16/Modules/CheckFunctionExists.c
Linking C executable cmTC_dea45
/usr/bin/cmake -E cmake_link_script CMakeFiles/cmTC_dea45.dir/link.txt --verbose=1
/usr/bin/cc  -DCHECK_FUNCTION_EXISTS=pthread_create    CMakeFiles/cmTC_dea45.dir/CheckFunctionExists.c.o  -o cmTC_dea45  -lpthreads 
/usr/bin/ld: невозможно найти -lpthreads
collect2: error: ld returned 1 exit status
make[1]: *** [CMakeFiles/cmTC_dea45.dir/build.make:87: cmTC_dea45] Ошибка 1
make[1]: выход из каталога «/home/viktor/Projects/c+c++/HW №1/build/CMakeFiles/CMakeTmp»
make: *** [Makefile:121: cmTC_dea45/fast] Ошибка 2



Performing C SOURCE FILE Test CMAKE_HAVE_LIBC_PTHREAD failed with the following output:
Change Dir: /home/viktor/Projects/c+c++/HW №1/build/CMakeFiles/CMakeTmp

Run Build Command(s):/usr/bin/make cmTC_657b4/fast && /usr/bin/make -f CMakeFiles/cmTC_657b4.dir/build.make CMakeFiles/cmTC_657b4.dir/build
make[1]: вход в каталог «/home/viktor/Projects/c+c++/HW №1/build/CMakeFiles/CMakeTmp»
Building C object CMakeFiles/cmTC_657b4.dir/src.c.o
/usr/bin/cc   -DCMAKE_HAVE_LIBC_PTHREAD   -o CMakeFiles/cmTC_657b4.dir/src.c.o   -c "/home/viktor/Projects/c+c++/HW №1/build/CMakeFiles/CMakeTmp/src.c"
Linking C executable cmTC_657b4
/usr/bin/cmake -E cmake_link_script CMakeFiles/cmTC_657b4.dir/link.txt --verbose=1
/usr/bin/cc  -DCMAKE_HAVE_LIBC_PTHREAD    CMakeFiles/cmTC_657b4.dir/src.c.o  -o cmTC_657b4 
/usr/bin/ld: CMakeFiles/cmTC_657b4.dir/src.c.o: в функции «main»:
src.c:(.text+0x46): неопределённая ссылка на «pthread_create»
/usr/bin/ld: src.c:(.text+0x52): неопределённая ссылка на «pthread_detach»
/usr/bin/ld: src.c:(.text+0x63): неопределённая ссылка на «pthread_join»
collect2: error: ld returned 1 exit status
make[1]: *** [CMakeFiles/cmTC_657b4.dir/build.make:87: cmTC_657b4] Ошибка 1
make[1]: выход из каталога «/home/viktor/Projects/c+c++/HW №1/build/CMakeFiles/CMakeTmp»
make: *** [Makefile:121: cmTC_657b4/fast] Ошибка 2


Source file was:
#include <pthread.h>

void* test_func(void* data)
{
  return data;
}

int main(void)
{
  pthread_t thread;
  pthread_create(&thread, NULL, test_func, NULL);
  pthread_detach(thread);
  pthread_join(thread, NULL);
  pthread_atfork(NULL, NULL, NULL);
  pthread_exit(NULL);

  return 0;
}

Determining if the function pthread_create exists in the pthreads failed with the following output:
Change Dir: /home/viktor/Projects/c+c++/HW №1/build/CMakeFiles/CMakeTmp

Run Build Command(s):/usr/bin/make cmTC_6dbd1/fast && /usr/bin/make -f CMakeFiles/cmTC_6dbd1.dir/build.make CMakeFiles/cmTC_6dbd1.dir/build
make[1]: вход в каталог «/home/viktor/Projects/c+c++/HW №1/build/CMakeFiles/CMakeTmp»
Building C object CMakeFiles/cmTC_6dbd1.dir/CheckFunctionExists.c.o
/usr/bin/cc   -DCHECK_FUNCTION_EXISTS=pthread_create   -o CMakeFiles/cmTC_6dbd1.dir/CheckFunctionExists.c.o   -c /usr/share/cmake-3.16/Modules/CheckFunctionExists.c
Linking C executable cmTC_6dbd1
/usr/bin/cmake -E cmake_link_script CMakeFiles/cmTC_6dbd1.dir/link.txt --verbose=1
/usr/bin/cc  -DCHECK_FUNCTION_EXISTS=pthread_create    CMakeFiles/cmTC_6dbd1.dir/CheckFunctionExists.c.o  -o cmTC_6dbd1  -lpthreads 
/usr/bin/ld: невозможно найти -lpthreads
collect2: error: ld returned 1 exit status
make[1]: *** [CMakeFiles/cmTC_6dbd1.dir/build.make:87: cmTC_6dbd1] Ошибка 1
make[1]: выход из каталога «/home/viktor/Projects/c+c++/HW №1/build/CMakeFiles/CMakeTmp»
make: *** [Makefile:121: cmTC_6dbd1/fast] Ошибка 2



Performing C SOURCE FILE Test CMAKE_HAVE_LIBC_PTHREAD failed with the following output:
Change Dir: /home/viktor/Projects/c+c++/HW №1/build/CMakeFiles/CMakeTmp

Run Build Command(s):/usr/bin/make cmTC_6cdf6/fast && /usr/bin/make -f CMakeFiles/cmTC_6cdf6.dir/build.make CMakeFiles/cmTC_6cdf6.dir/build
make[1]: вход в каталог «/home/viktor/Projects/c+c++/HW №1/build/CMakeFiles/CMakeTmp»
Building C object CMakeFiles/cmTC_6cdf6.dir/src.c.o
/usr/bin/cc   -DCMAKE_HAVE_LIBC_PTHREAD   -o CMakeFiles/cmTC_6cdf6.dir/src.c.o   -c "/home/viktor/Projects/c+c++/HW №1/build/CMakeFiles/CMakeTmp/src.c"
Linking C executable cmTC_6cdf6
/usr/bin/cmake -E cmake_link_script CMakeFiles/cmTC_6cdf6.dir/link.txt --verbose=1
/usr/bin/cc  -DCMAKE_HAVE_LIBC_PTHREAD    CMakeFiles/cmTC_6cdf6.dir/src.c.o  -o cmTC_6cdf6 
/usr/bin/ld: CMakeFiles/cmTC_6cdf6.dir/src.c.o: в функции «main»:
src.c:(.text+0x46): неопределённая ссылка на «pthread_create»
/usr/bin/ld: src.c:(.text+0x52): неопределённая ссылка на «pthread_detach»
/usr/bin/ld: src.c:(.text+0x63): неопределённая ссылка на «pthread_join»
collect2: error: ld returned 1 exit status
make[1]: *** [CMakeFiles/cmTC_6cdf6.dir/build.make:87: cmTC_6cdf6] Ошибка 1
make[1]: выход из каталога «/home/viktor/Projects/c+c++/HW №1/build/CMakeFiles/CMakeTmp»
make: *** [Makefile:121: cmTC_6cdf6/fast] Ошибка 2


Source file was:
#include <pthread.h>

void* test_func(void* data)
{
  return data;
}

int main(void)
{
  pthread_t thread;
  pthread_create(&thread, NULL, test_func, NULL);
  pthread_detach(thread);
  pthread_join(thread, NULL);
  pthread_atfork(NULL, NULL, NULL);
  pthread_exit(NULL);

  return 0;
}

Determining if the function pthread_create exists in the pthreads failed with the following output:
Change Dir: /home/viktor/Projects/c+c++/HW №1/build/CMakeFiles/CMakeTmp

Run Build Command(s):/usr/bin/make cmTC_b176f/fast && /usr/bin/make -f CMakeFiles/cmTC_b176f.dir/build.make CMakeFiles/cmTC_b176f.dir/build
make[1]: вход в каталог «/home/viktor/Projects/c+c++/HW №1/build/CMakeFiles/CMakeTmp»
Building C object CMakeFiles/cmTC_b176f.dir/CheckFunctionExists.c.o
/usr/bin/cc   -DCHECK_FUNCTION_EXISTS=pthread_create   -o CMakeFiles/cmTC_b176f.dir/CheckFunctionExists.c.o   -c /usr/share/cmake-3.16/Modules/CheckFunctionExists.c
Linking C executable cmTC_b176f
/usr/bin/cmake -E cmake_link_script CMakeFiles/cmTC_b176f.dir/link.txt --verbose=1
/usr/bin/cc  -DCHECK_FUNCTION_EXISTS=pthread_create    CMakeFiles/cmTC_b176f.dir/CheckFunctionExists.c.o  -o cmTC_b176f  -lpthreads 
/usr/bin/ld: невозможно найти -lpthreads
collect2: error: ld returned 1 exit status
make[1]: *** [CMakeFiles/cmTC_b176f.dir/build.make:87: cmTC_b176f] Ошибка 1
make[1]: выход из каталога «/home/viktor/Projects/c+c++/HW №1/build/CMakeFiles/CMakeTmp»
make: *** [Makefile:121: cmTC_b176f/fast] Ошибка 2



